<?xml version="1.0" encoding="UTF-8"?>
<robot generator="Robot 7.4.1 (Python 3.13.12 on win32)" generated="2026-02-21T13:42:53.828949" rpa="false" schemaversion="5">
<suite id="s1" name="Alerts" source="C:\Users\jkpja\PycharmProjects\RoboFramework\Selenium\Alerts.robot">
<test id="s1-t1" name="Select State And City" line="8">
<kw name="Open Browser" owner="SeleniumLibrary">
<msg time="2026-02-21T13:42:54.287925" level="INFO">Opening browser 'chrome' to base url 'https://the-internet.herokuapp.com/javascript_alerts'.</msg>
<arg>${URL}</arg>
<arg>chrome</arg>
<doc>Opens a new browser instance to the optional ``url``.</doc>
<status status="PASS" start="2026-02-21T13:42:54.287000" elapsed="8.920229"/>
</kw>
<kw name="Maximize Browser Window" owner="SeleniumLibrary">
<doc>Maximizes current browser window.</doc>
<status status="PASS" start="2026-02-21T13:43:03.213004" elapsed="0.250080"/>
</kw>
<kw name="Wait Until Element Is Visible" owner="SeleniumLibrary">
<arg>xpath=(//button)[1]</arg>
<doc>Waits until the element ``locator`` is visible.</doc>
<status status="PASS" start="2026-02-21T13:43:03.468309" elapsed="0.086007"/>
</kw>
<kw name="Click Element" owner="SeleniumLibrary">
<msg time="2026-02-21T13:43:03.560796" level="INFO">Clicking element 'xpath=(//button)[1]'.</msg>
<arg>xpath=(//button)[1]</arg>
<doc>Click the element identified by ``locator``.</doc>
<status status="PASS" start="2026-02-21T13:43:03.557967" elapsed="0.365260"/>
</kw>
<kw name="Handle Alert" owner="SeleniumLibrary">
<msg time="2026-02-21T13:43:03.924544" level="INFO">HANDLE::&lt;class 'datetime.timedelta'&gt;::0:00:03</msg>
<arg>action=ACCEPT</arg>
<arg>timeout=3</arg>
<doc>Handles the current alert and returns its message.</doc>
<status status="PASS" start="2026-02-21T13:43:03.923979" elapsed="0.017933"/>
</kw>
<kw name="Sleep" owner="BuiltIn">
<msg time="2026-02-21T13:43:05.946224" level="INFO">Slept 2 seconds.</msg>
<arg>2s</arg>
<doc>Pauses the test executed for the given time.</doc>
<status status="PASS" start="2026-02-21T13:43:03.943171" elapsed="2.003448"/>
</kw>
<kw name="Click Element" owner="SeleniumLibrary">
<msg time="2026-02-21T13:43:05.948727" level="INFO">Clicking element 'xpath=(//button)[2]'.</msg>
<arg>xpath=(//button)[2]</arg>
<doc>Click the element identified by ``locator``.</doc>
<status status="PASS" start="2026-02-21T13:43:05.947758" elapsed="0.195964"/>
</kw>
<kw name="Handle Alert" owner="SeleniumLibrary">
<msg time="2026-02-21T13:43:06.145163" level="INFO">HANDLE::&lt;class 'datetime.timedelta'&gt;::0:00:03</msg>
<arg>action=DISMISS</arg>
<arg>timeout=3</arg>
<doc>Handles the current alert and returns its message.</doc>
<status status="PASS" start="2026-02-21T13:43:06.144627" elapsed="0.014650"/>
</kw>
<kw name="Sleep" owner="BuiltIn">
<msg time="2026-02-21T13:43:08.162592" level="INFO">Slept 2 seconds.</msg>
<arg>2s</arg>
<doc>Pauses the test executed for the given time.</doc>
<status status="PASS" start="2026-02-21T13:43:06.160589" elapsed="2.002464"/>
</kw>
<kw name="Click Element" owner="SeleniumLibrary">
<msg time="2026-02-21T13:43:08.165816" level="INFO">Clicking element 'xpath=(//button)[3]'.</msg>
<arg>xpath=(//button)[3]</arg>
<doc>Click the element identified by ``locator``.</doc>
<status status="PASS" start="2026-02-21T13:43:08.165230" elapsed="0.252190"/>
</kw>
<kw name="Input Text Into Alert" owner="SeleniumLibrary">
<arg>Hello</arg>
<doc>Types the given ``text`` into an input field in an alert.</doc>
<status status="PASS" start="2026-02-21T13:43:08.418590" elapsed="0.027611"/>
</kw>
<kw name="Sleep" owner="BuiltIn">
<msg time="2026-02-21T13:43:10.452888" level="INFO">Slept 2 seconds.</msg>
<arg>2s</arg>
<doc>Pauses the test executed for the given time.</doc>
<status status="PASS" start="2026-02-21T13:43:08.447878" elapsed="2.005266"/>
</kw>
<kw name="Close Browser" owner="SeleniumLibrary">
<doc>Closes the current browser.</doc>
<status status="PASS" start="2026-02-21T13:43:10.453960" elapsed="2.309387"/>
</kw>
<status status="PASS" start="2026-02-21T13:42:54.283929" elapsed="18.480800"/>
</test>
<status status="PASS" start="2026-02-21T13:42:53.833000" elapsed="18.935056"/>
</suite>
<statistics>
<total>
<stat pass="1" fail="0" skip="0">All Tests</stat>
</total>
<tag>
</tag>
<suite>
<stat name="Alerts" id="s1" pass="1" fail="0" skip="0">Alerts</stat>
</suite>
</statistics>
<errors>
</errors>
</robot>
